Performing C++ SOURCE FILE Test OpenMP_FLAG_DETECTED failed with the following output:
Change Dir: /Users/rhiju/projects/Illumina/MiSeq_Scripts/cpp/cmake/CMakeFiles/CMakeTmp

Run Build Command:/Users/rhiju/src/ninja/ninja cmTryCompileExec2260300556
[1/2] Building CXX object CMakeFiles/cmTryCompileExec2260300556.dir/src.cxx.o
FAILED: /usr/bin/c++    -DOpenMP_FLAG_DETECTED -fopenmp -o CMakeFiles/cmTryCompileExec2260300556.dir/src.cxx.o -c src.cxx
clang: warning: argument unused during compilation: '-fopenmp'
src.cxx:2:10: fatal error: 'omp.h' file not found
#include <omp.h>
         ^
1 error generated.
ninja: build stopped: subcommand failed.

Source file was:

#include <omp.h>
int main() { 
#ifdef _OPENMP
  return 0; 
#else
  breaks_on_purpose
#endif
}

Performing C++ SOURCE FILE Test OpenMP_FLAG_DETECTED failed with the following output:
Change Dir: /Users/rhiju/projects/Illumina/MiSeq_Scripts/cpp/cmake/CMakeFiles/CMakeTmp

Run Build Command:/Users/rhiju/src/ninja/ninja cmTryCompileExec3381645198
[1/2] Building CXX object CMakeFiles/cmTryCompileExec3381645198.dir/src.cxx.o
FAILED: /usr/bin/c++    -DOpenMP_FLAG_DETECTED /openmp -o CMakeFiles/cmTryCompileExec3381645198.dir/src.cxx.o -c src.cxx
clang: error: no such file or directory: '/openmp'
ninja: build stopped: subcommand failed.

Source file was:

#include <omp.h>
int main() { 
#ifdef _OPENMP
  return 0; 
#else
  breaks_on_purpose
#endif
}

Performing C++ SOURCE FILE Test OpenMP_FLAG_DETECTED failed with the following output:
Change Dir: /Users/rhiju/projects/Illumina/MiSeq_Scripts/cpp/cmake/CMakeFiles/CMakeTmp

Run Build Command:/Users/rhiju/src/ninja/ninja cmTryCompileExec1548115625
[1/2] Building CXX object CMakeFiles/cmTryCompileExec1548115625.dir/src.cxx.o
FAILED: /usr/bin/c++    -DOpenMP_FLAG_DETECTED -Qopenmp -o CMakeFiles/cmTryCompileExec1548115625.dir/src.cxx.o -c src.cxx
clang: warning: argument unused during compilation: '-Qopenmp'
src.cxx:2:10: fatal error: 'omp.h' file not found
#include <omp.h>
         ^
1 error generated.
ninja: build stopped: subcommand failed.

Source file was:

#include <omp.h>
int main() { 
#ifdef _OPENMP
  return 0; 
#else
  breaks_on_purpose
#endif
}

Performing C++ SOURCE FILE Test OpenMP_FLAG_DETECTED failed with the following output:
Change Dir: /Users/rhiju/projects/Illumina/MiSeq_Scripts/cpp/cmake/CMakeFiles/CMakeTmp

Run Build Command:/Users/rhiju/src/ninja/ninja cmTryCompileExec2889957979
[1/2] Building CXX object CMakeFiles/cmTryCompileExec2889957979.dir/src.cxx.o
FAILED: /usr/bin/c++    -DOpenMP_FLAG_DETECTED -openmp -o CMakeFiles/cmTryCompileExec2889957979.dir/src.cxx.o -c src.cxx
src.cxx:2:10: fatal error: 'omp.h' file not found
#include <omp.h>
         ^
1 error generated.
ninja: build stopped: subcommand failed.

Source file was:

#include <omp.h>
int main() { 
#ifdef _OPENMP
  return 0; 
#else
  breaks_on_purpose
#endif
}

Performing C++ SOURCE FILE Test OpenMP_FLAG_DETECTED failed with the following output:
Change Dir: /Users/rhiju/projects/Illumina/MiSeq_Scripts/cpp/cmake/CMakeFiles/CMakeTmp

Run Build Command:/Users/rhiju/src/ninja/ninja cmTryCompileExec1125921545
[1/2] Building CXX object CMakeFiles/cmTryCompileExec1125921545.dir/src.cxx.o
FAILED: /usr/bin/c++    -DOpenMP_FLAG_DETECTED -o CMakeFiles/cmTryCompileExec1125921545.dir/src.cxx.o -c src.cxx
src.cxx:2:10: fatal error: 'omp.h' file not found
#include <omp.h>
         ^
1 error generated.
ninja: build stopped: subcommand failed.

Source file was:

#include <omp.h>
int main() { 
#ifdef _OPENMP
  return 0; 
#else
  breaks_on_purpose
#endif
}

Performing C++ SOURCE FILE Test OpenMP_FLAG_DETECTED failed with the following output:
Change Dir: /Users/rhiju/projects/Illumina/MiSeq_Scripts/cpp/cmake/CMakeFiles/CMakeTmp

Run Build Command:/Users/rhiju/src/ninja/ninja cmTryCompileExec2212549047
[1/2] Building CXX object CMakeFiles/cmTryCompileExec2212549047.dir/src.cxx.o
FAILED: /usr/bin/c++    -DOpenMP_FLAG_DETECTED -xopenmp -o CMakeFiles/cmTryCompileExec2212549047.dir/src.cxx.o -c src.cxx
clang: error: language not recognized: 'openmp'
clang: warning: src.cxx: 'linker' input unused when '-c' is present
ninja: build stopped: subcommand failed.

Source file was:

#include <omp.h>
int main() { 
#ifdef _OPENMP
  return 0; 
#else
  breaks_on_purpose
#endif
}

Performing C++ SOURCE FILE Test OpenMP_FLAG_DETECTED failed with the following output:
Change Dir: /Users/rhiju/projects/Illumina/MiSeq_Scripts/cpp/cmake/CMakeFiles/CMakeTmp

Run Build Command:/Users/rhiju/src/ninja/ninja cmTryCompileExec1444041109
[1/2] Building CXX object CMakeFiles/cmTryCompileExec1444041109.dir/src.cxx.o
FAILED: /usr/bin/c++    -DOpenMP_FLAG_DETECTED +Oopenmp -o CMakeFiles/cmTryCompileExec1444041109.dir/src.cxx.o -c src.cxx
clang: error: no such file or directory: '+Oopenmp'
ninja: build stopped: subcommand failed.

Source file was:

#include <omp.h>
int main() { 
#ifdef _OPENMP
  return 0; 
#else
  breaks_on_purpose
#endif
}

Performing C++ SOURCE FILE Test OpenMP_FLAG_DETECTED failed with the following output:
Change Dir: /Users/rhiju/projects/Illumina/MiSeq_Scripts/cpp/cmake/CMakeFiles/CMakeTmp

Run Build Command:/Users/rhiju/src/ninja/ninja cmTryCompileExec3880533236
[1/2] Building CXX object CMakeFiles/cmTryCompileExec3880533236.dir/src.cxx.o
FAILED: /usr/bin/c++    -DOpenMP_FLAG_DETECTED -qsmp -o CMakeFiles/cmTryCompileExec3880533236.dir/src.cxx.o -c src.cxx
clang: warning: argument unused during compilation: '-qsmp'
src.cxx:2:10: fatal error: 'omp.h' file not found
#include <omp.h>
         ^
1 error generated.
ninja: build stopped: subcommand failed.

Source file was:

#include <omp.h>
int main() { 
#ifdef _OPENMP
  return 0; 
#else
  breaks_on_purpose
#endif
}

Performing C++ SOURCE FILE Test OpenMP_FLAG_DETECTED failed with the following output:
Change Dir: /Users/rhiju/projects/Illumina/MiSeq_Scripts/cpp/cmake/CMakeFiles/CMakeTmp

Run Build Command:/Users/rhiju/src/ninja/ninja cmTryCompileExec3836958176
[1/2] Building CXX object CMakeFiles/cmTryCompileExec3836958176.dir/src.cxx.o
FAILED: /usr/bin/c++    -DOpenMP_FLAG_DETECTED -mp -o CMakeFiles/cmTryCompileExec3836958176.dir/src.cxx.o -c src.cxx
clang: warning: argument unused during compilation: '-mp'
src.cxx:2:10: fatal error: 'omp.h' file not found
#include <omp.h>
         ^
1 error generated.
ninja: build stopped: subcommand failed.

Source file was:

#include <omp.h>
int main() { 
#ifdef _OPENMP
  return 0; 
#else
  breaks_on_purpose
#endif
}

Performing C++ SOURCE FILE Test TR1_SHARED_PTR_USE_MEMORY failed with the following output:
Change Dir: /Users/rhiju/projects/Illumina/MiSeq_Scripts/cpp/cmake/CMakeFiles/CMakeTmp

Run Build Command:/Users/rhiju/src/ninja/ninja cmTryCompileExec824840974
[1/2] Building CXX object CMakeFiles/cmTryCompileExec824840974.dir/src.cxx.o
FAILED: /usr/bin/c++    -DTR1_SHARED_PTR_USE_MEMORY -o CMakeFiles/cmTryCompileExec824840974.dir/src.cxx.o -c src.cxx
src.cxx:4:18: error: no member named 'tr1' in namespace 'std'
            std::tr1::shared_ptr<int> ptr;
            ~~~~~^
src.cxx:4:37: error: expected '(' for function-style cast or type construction
            std::tr1::shared_ptr<int> ptr;
                                 ~~~^
src.cxx:4:39: error: use of undeclared identifier 'ptr'
            std::tr1::shared_ptr<int> ptr;
                                      ^
3 errors generated.
ninja: build stopped: subcommand failed.

Source file was:

        #include <memory>
        int main() {
            std::tr1::shared_ptr<int> ptr;
            return 0;
        }
    
Performing C++ SOURCE FILE Test OpenMP_FLAG_DETECTED failed with the following output:
Change Dir: /Users/rhiju/projects/Illumina/MiSeq_Scripts/cpp/cmake/CMakeFiles/CMakeTmp

Run Build Command:/Users/rhiju/src/ninja/ninja cmTryCompileExec282893257
[1/2] Building CXX object CMakeFiles/cmTryCompileExec282893257.dir/src.cxx.o
FAILED: /usr/bin/c++    -DOpenMP_FLAG_DETECTED -fopenmp -o CMakeFiles/cmTryCompileExec282893257.dir/src.cxx.o -c src.cxx
clang: warning: argument unused during compilation: '-fopenmp'
src.cxx:2:10: fatal error: 'omp.h' file not found
#include <omp.h>
         ^
1 error generated.
ninja: build stopped: subcommand failed.

Source file was:

#include <omp.h>
int main() { 
#ifdef _OPENMP
  return 0; 
#else
  breaks_on_purpose
#endif
}

Performing C++ SOURCE FILE Test OpenMP_FLAG_DETECTED failed with the following output:
Change Dir: /Users/rhiju/projects/Illumina/MiSeq_Scripts/cpp/cmake/CMakeFiles/CMakeTmp

Run Build Command:/Users/rhiju/src/ninja/ninja cmTryCompileExec4087427516
[1/2] Building CXX object CMakeFiles/cmTryCompileExec4087427516.dir/src.cxx.o
FAILED: /usr/bin/c++    -DOpenMP_FLAG_DETECTED /openmp -o CMakeFiles/cmTryCompileExec4087427516.dir/src.cxx.o -c src.cxx
clang: error: no such file or directory: '/openmp'
ninja: build stopped: subcommand failed.

Source file was:

#include <omp.h>
int main() { 
#ifdef _OPENMP
  return 0; 
#else
  breaks_on_purpose
#endif
}

Performing C++ SOURCE FILE Test OpenMP_FLAG_DETECTED failed with the following output:
Change Dir: /Users/rhiju/projects/Illumina/MiSeq_Scripts/cpp/cmake/CMakeFiles/CMakeTmp

Run Build Command:/Users/rhiju/src/ninja/ninja cmTryCompileExec3909995734
[1/2] Building CXX object CMakeFiles/cmTryCompileExec3909995734.dir/src.cxx.o
FAILED: /usr/bin/c++    -DOpenMP_FLAG_DETECTED -Qopenmp -o CMakeFiles/cmTryCompileExec3909995734.dir/src.cxx.o -c src.cxx
clang: warning: argument unused during compilation: '-Qopenmp'
src.cxx:2:10: fatal error: 'omp.h' file not found
#include <omp.h>
         ^
1 error generated.
ninja: build stopped: subcommand failed.

Source file was:

#include <omp.h>
int main() { 
#ifdef _OPENMP
  return 0; 
#else
  breaks_on_purpose
#endif
}

Performing C++ SOURCE FILE Test OpenMP_FLAG_DETECTED failed with the following output:
Change Dir: /Users/rhiju/projects/Illumina/MiSeq_Scripts/cpp/cmake/CMakeFiles/CMakeTmp

Run Build Command:/Users/rhiju/src/ninja/ninja cmTryCompileExec1179277003
[1/2] Building CXX object CMakeFiles/cmTryCompileExec1179277003.dir/src.cxx.o
FAILED: /usr/bin/c++    -DOpenMP_FLAG_DETECTED -openmp -o CMakeFiles/cmTryCompileExec1179277003.dir/src.cxx.o -c src.cxx
src.cxx:2:10: fatal error: 'omp.h' file not found
#include <omp.h>
         ^
1 error generated.
ninja: build stopped: subcommand failed.

Source file was:

#include <omp.h>
int main() { 
#ifdef _OPENMP
  return 0; 
#else
  breaks_on_purpose
#endif
}

Performing C++ SOURCE FILE Test OpenMP_FLAG_DETECTED failed with the following output:
Change Dir: /Users/rhiju/projects/Illumina/MiSeq_Scripts/cpp/cmake/CMakeFiles/CMakeTmp

Run Build Command:/Users/rhiju/src/ninja/ninja cmTryCompileExec3304438314
[1/2] Building CXX object CMakeFiles/cmTryCompileExec3304438314.dir/src.cxx.o
FAILED: /usr/bin/c++    -DOpenMP_FLAG_DETECTED -o CMakeFiles/cmTryCompileExec3304438314.dir/src.cxx.o -c src.cxx
src.cxx:2:10: fatal error: 'omp.h' file not found
#include <omp.h>
         ^
1 error generated.
ninja: build stopped: subcommand failed.

Source file was:

#include <omp.h>
int main() { 
#ifdef _OPENMP
  return 0; 
#else
  breaks_on_purpose
#endif
}

Performing C++ SOURCE FILE Test OpenMP_FLAG_DETECTED failed with the following output:
Change Dir: /Users/rhiju/projects/Illumina/MiSeq_Scripts/cpp/cmake/CMakeFiles/CMakeTmp

Run Build Command:/Users/rhiju/src/ninja/ninja cmTryCompileExec6332619
[1/2] Building CXX object CMakeFiles/cmTryCompileExec6332619.dir/src.cxx.o
FAILED: /usr/bin/c++    -DOpenMP_FLAG_DETECTED -xopenmp -o CMakeFiles/cmTryCompileExec6332619.dir/src.cxx.o -c src.cxx
clang: error: language not recognized: 'openmp'
clang: warning: src.cxx: 'linker' input unused when '-c' is present
ninja: build stopped: subcommand failed.

Source file was:

#include <omp.h>
int main() { 
#ifdef _OPENMP
  return 0; 
#else
  breaks_on_purpose
#endif
}

Performing C++ SOURCE FILE Test OpenMP_FLAG_DETECTED failed with the following output:
Change Dir: /Users/rhiju/projects/Illumina/MiSeq_Scripts/cpp/cmake/CMakeFiles/CMakeTmp

Run Build Command:/Users/rhiju/src/ninja/ninja cmTryCompileExec1952099331
[1/2] Building CXX object CMakeFiles/cmTryCompileExec1952099331.dir/src.cxx.o
FAILED: /usr/bin/c++    -DOpenMP_FLAG_DETECTED +Oopenmp -o CMakeFiles/cmTryCompileExec1952099331.dir/src.cxx.o -c src.cxx
clang: error: no such file or directory: '+Oopenmp'
ninja: build stopped: subcommand failed.

Source file was:

#include <omp.h>
int main() { 
#ifdef _OPENMP
  return 0; 
#else
  breaks_on_purpose
#endif
}

Performing C++ SOURCE FILE Test OpenMP_FLAG_DETECTED failed with the following output:
Change Dir: /Users/rhiju/projects/Illumina/MiSeq_Scripts/cpp/cmake/CMakeFiles/CMakeTmp

Run Build Command:/Users/rhiju/src/ninja/ninja cmTryCompileExec1311137894
[1/2] Building CXX object CMakeFiles/cmTryCompileExec1311137894.dir/src.cxx.o
FAILED: /usr/bin/c++    -DOpenMP_FLAG_DETECTED -qsmp -o CMakeFiles/cmTryCompileExec1311137894.dir/src.cxx.o -c src.cxx
clang: warning: argument unused during compilation: '-qsmp'
src.cxx:2:10: fatal error: 'omp.h' file not found
#include <omp.h>
         ^
1 error generated.
ninja: build stopped: subcommand failed.

Source file was:

#include <omp.h>
int main() { 
#ifdef _OPENMP
  return 0; 
#else
  breaks_on_purpose
#endif
}

Performing C++ SOURCE FILE Test OpenMP_FLAG_DETECTED failed with the following output:
Change Dir: /Users/rhiju/projects/Illumina/MiSeq_Scripts/cpp/cmake/CMakeFiles/CMakeTmp

Run Build Command:/Users/rhiju/src/ninja/ninja cmTryCompileExec2970991301
[1/2] Building CXX object CMakeFiles/cmTryCompileExec2970991301.dir/src.cxx.o
FAILED: /usr/bin/c++    -DOpenMP_FLAG_DETECTED -mp -o CMakeFiles/cmTryCompileExec2970991301.dir/src.cxx.o -c src.cxx
clang: warning: argument unused during compilation: '-mp'
src.cxx:2:10: fatal error: 'omp.h' file not found
#include <omp.h>
         ^
1 error generated.
ninja: build stopped: subcommand failed.

Source file was:

#include <omp.h>
int main() { 
#ifdef _OPENMP
  return 0; 
#else
  breaks_on_purpose
#endif
}

